<?xml version="1.0" encoding="utf-8"?><testsuites name="pytest tests"><testsuite name="pytest" errors="0" failures="0" skipped="0" tests="19" time="3.511" timestamp="2026-01-21T06:22:28.879291+00:00" hostname="agent-env-7324a725-75e7-47ed-92d6-3be57a769c7a"><testcase classname="tests.test_new_features.TestAuth" name="test_login_success" time="0.297" /><testcase classname="tests.test_new_features.TestOutletManagement" name="test_get_outlets" time="0.304" /><testcase classname="tests.test_new_features.TestOutletManagement" name="test_create_outlet" time="0.081" /><testcase classname="tests.test_new_features.TestOutletManagement" name="test_get_single_outlet" time="0.080" /><testcase classname="tests.test_new_features.TestOutletManagement" name="test_update_outlet" time="0.037" /><testcase classname="tests.test_new_features.TestOutletManagement" name="test_delete_outlet" time="0.042" /><testcase classname="tests.test_new_features.TestUserOutletAssignment" name="test_get_users_with_outlet_info" time="0.303" /><testcase classname="tests.test_new_features.TestUserOutletAssignment" name="test_update_user_outlet_assignment" time="0.112" /><testcase classname="tests.test_new_features.TestProductsManagement" name="test_get_products" time="0.300" /><testcase classname="tests.test_new_features.TestProductsManagement" name="test_create_product" time="0.083" /><testcase classname="tests.test_new_features.TestProductsManagement" name="test_get_single_product" time="0.074" /><testcase classname="tests.test_new_features.TestProductsManagement" name="test_update_product" time="0.041" /><testcase classname="tests.test_new_features.TestProductsManagement" name="test_delete_product" time="0.039" /><testcase classname="tests.test_new_features.TestProductsManagement" name="test_product_categories" time="0.145" /><testcase classname="tests.test_new_features.TestCustomerTransactions" name="test_get_customer_transactions" time="0.336" /><testcase classname="tests.test_new_features.TestSubscriptionPaymentMethod" name="test_check_membership_endpoint" time="0.337" /><testcase classname="tests.test_new_features.TestSubscriptionPaymentMethod" name="test_membership_use_endpoint" time="0.072" /><testcase classname="tests.test_new_features.TestSubscriptionPaymentMethod" name="test_transaction_with_subscription_payment" time="0.142" /><testcase classname="tests.test_new_features.TestPaymentMethodEnum" name="test_all_payment_methods" time="0.556" /></testsuite></testsuites>